<?xml version="1.0" encoding="UTF-8"?>
<coverage generated="1627481943443" clover="3.2.0">
  <project timestamp="1627481943444" name="All files">
    <metrics statements="29" coveredstatements="11" conditionals="2" coveredconditionals="2" methods="13" coveredmethods="6" elements="44" coveredelements="19" complexity="0" loc="29" ncloc="29" packages="1" files="1" classes="1"/>
    <file name="ItemRepository.js" path="/mnt/c/Users/FOLIO 9470M/Desktop/microverse project/the-todo-list/src/ItemRepository.js">
      <metrics statements="29" coveredstatements="11" conditionals="2" coveredconditionals="2" methods="13" coveredmethods="6"/>
      <line num="3" count="4" type="stmt"/>
      <line num="4" count="4" type="stmt"/>
      <line num="8" count="5" type="stmt"/>
      <line num="12" count="4" type="cond" truecount="2" falsecount="0"/>
      <line num="16" count="0" type="stmt"/>
      <line num="17" count="0" type="stmt"/>
      <line num="21" count="0" type="stmt"/>
      <line num="25" count="4" type="stmt"/>
      <line num="26" count="4" type="stmt"/>
      <line num="27" count="4" type="stmt"/>
      <line num="32" count="4" type="stmt"/>
      <line num="33" count="4" type="stmt"/>
      <line num="37" count="0" type="stmt"/>
      <line num="38" count="0" type="stmt"/>
      <line num="39" count="0" type="stmt"/>
      <line num="43" count="0" type="stmt"/>
      <line num="44" count="0" type="stmt"/>
      <line num="45" count="0" type="stmt"/>
      <line num="46" count="0" type="stmt"/>
      <line num="50" count="4" type="stmt"/>
      <line num="51" count="1" type="stmt"/>
      <line num="55" count="0" type="stmt"/>
      <line num="56" count="0" type="stmt"/>
      <line num="57" count="0" type="stmt"/>
      <line num="61" count="0" type="stmt"/>
      <line num="62" count="0" type="stmt"/>
      <line num="63" count="0" type="stmt"/>
      <line num="64" count="0" type="stmt"/>
      <line num="65" count="0" type="stmt"/>
    </file>
  </project>
</coverage>
