{"/mnt/d/Microverse Assignments/Javascript/the-todo-list/src/ItemRepository.js": {"path":"/mnt/d/Microverse Assignments/Javascript/the-todo-list/src/ItemRepository.js","statementMap":{"0":{"start":{"line":3,"column":4},"end":{"line":3,"column":24}},"1":{"start":{"line":4,"column":4},"end":{"line":4,"column":21}},"2":{"start":{"line":8,"column":4},"end":{"line":8,"column":70}},"3":{"start":{"line":12,"column":4},"end":{"line":12,"column":75}},"4":{"start":{"line":16,"column":21},"end":{"line":16,"column":68}},"5":{"start":{"line":16,"column":50},"end":{"line":16,"column":67}},"6":{"start":{"line":17,"column":4},"end":{"line":17,"column":20}},"7":{"start":{"line":21,"column":4},"end":{"line":21,"column":26}},"8":{"start":{"line":25,"column":17},"end":{"line":25,"column":37}},"9":{"start":{"line":26,"column":19},"end":{"line":26,"column":34}},"10":{"start":{"line":27,"column":4},"end":{"line":31,"column":7}},"11":{"start":{"line":32,"column":4},"end":{"line":32,"column":22}},"12":{"start":{"line":33,"column":4},"end":{"line":33,"column":18}},"13":{"start":{"line":37,"column":21},"end":{"line":37,"column":41}},"14":{"start":{"line":38,"column":4},"end":{"line":38,"column":45}},"15":{"start":{"line":39,"column":4},"end":{"line":39,"column":22}},"16":{"start":{"line":43,"column":21},"end":{"line":43,"column":41}},"17":{"start":{"line":44,"column":25},"end":{"line":44,"column":57}},"18":{"start":{"line":45,"column":4},"end":{"line":45,"column":42}},"19":{"start":{"line":46,"column":4},"end":{"line":46,"column":22}},"20":{"start":{"line":50,"column":4},"end":{"line":50,"column":68}},"21":{"start":{"line":50,"column":52},"end":{"line":50,"column":66}},"22":{"start":{"line":51,"column":4},"end":{"line":51,"column":22}},"23":{"start":{"line":55,"column":21},"end":{"line":55,"column":41}},"24":{"start":{"line":56,"column":4},"end":{"line":56,"column":29}},"25":{"start":{"line":57,"column":4},"end":{"line":57,"column":22}},"26":{"start":{"line":61,"column":21},"end":{"line":61,"column":41}},"27":{"start":{"line":62,"column":22},"end":{"line":62,"column":54}},"28":{"start":{"line":63,"column":4},"end":{"line":63,"column":40}},"29":{"start":{"line":64,"column":4},"end":{"line":64,"column":48}},"30":{"start":{"line":65,"column":4},"end":{"line":65,"column":22}}},"fnMap":{"0":{"name":"(anonymous_0)","decl":{"start":{"line":2,"column":2},"end":{"line":2,"column":3}},"loc":{"start":{"line":2,"column":16},"end":{"line":5,"column":3}},"line":2},"1":{"name":"(anonymous_1)","decl":{"start":{"line":7,"column":2},"end":{"line":7,"column":3}},"loc":{"start":{"line":7,"column":15},"end":{"line":9,"column":3}},"line":7},"2":{"name":"(anonymous_2)","decl":{"start":{"line":11,"column":2},"end":{"line":11,"column":3}},"loc":{"start":{"line":11,"column":14},"end":{"line":13,"column":3}},"line":11},"3":{"name":"(anonymous_3)","decl":{"start":{"line":15,"column":2},"end":{"line":15,"column":3}},"loc":{"start":{"line":15,"column":18},"end":{"line":18,"column":3}},"line":15},"4":{"name":"(anonymous_4)","decl":{"start":{"line":16,"column":41},"end":{"line":16,"column":42}},"loc":{"start":{"line":16,"column":50},"end":{"line":16,"column":67}},"line":16},"5":{"name":"(anonymous_5)","decl":{"start":{"line":20,"column":2},"end":{"line":20,"column":3}},"loc":{"start":{"line":20,"column":13},"end":{"line":22,"column":3}},"line":20},"6":{"name":"(anonymous_6)","decl":{"start":{"line":24,"column":2},"end":{"line":24,"column":3}},"loc":{"start":{"line":24,"column":20},"end":{"line":34,"column":3}},"line":24},"7":{"name":"(anonymous_7)","decl":{"start":{"line":36,"column":2},"end":{"line":36,"column":3}},"loc":{"start":{"line":36,"column":23},"end":{"line":40,"column":3}},"line":36},"8":{"name":"(anonymous_8)","decl":{"start":{"line":42,"column":2},"end":{"line":42,"column":3}},"loc":{"start":{"line":42,"column":21},"end":{"line":47,"column":3}},"line":42},"9":{"name":"(anonymous_9)","decl":{"start":{"line":49,"column":2},"end":{"line":49,"column":3}},"loc":{"start":{"line":49,"column":25},"end":{"line":52,"column":3}},"line":49},"10":{"name":"(anonymous_10)","decl":{"start":{"line":50,"column":43},"end":{"line":50,"column":44}},"loc":{"start":{"line":50,"column":52},"end":{"line":50,"column":66}},"line":50},"11":{"name":"(anonymous_11)","decl":{"start":{"line":54,"column":2},"end":{"line":54,"column":3}},"loc":{"start":{"line":54,"column":31},"end":{"line":58,"column":3}},"line":54},"12":{"name":"(anonymous_12)","decl":{"start":{"line":60,"column":2},"end":{"line":60,"column":3}},"loc":{"start":{"line":60,"column":28},"end":{"line":66,"column":3}},"line":60}},"branchMap":{"0":{"loc":{"start":{"line":12,"column":32},"end":{"line":12,"column":73}},"type":"binary-expr","locations":[{"start":{"line":12,"column":32},"end":{"line":12,"column":65}},{"start":{"line":12,"column":69},"end":{"line":12,"column":73}}],"line":12}},"s":{"0":5,"1":5,"2":6,"3":5,"4":1,"5":1,"6":1,"7":0,"8":4,"9":4,"10":4,"11":4,"12":4,"13":0,"14":0,"15":0,"16":1,"17":1,"18":1,"19":1,"20":1,"21":4,"22":1,"23":0,"24":0,"25":0,"26":0,"27":0,"28":0,"29":0,"30":0},"f":{"0":5,"1":6,"2":5,"3":1,"4":1,"5":0,"6":4,"7":0,"8":1,"9":1,"10":4,"11":0,"12":0},"b":{"0":[5,5]},"_coverageSchema":"1a1c01bbd47fc00a2c39e90264f33305004495a9","hash":"a2b1af9349e7ee1428a5262bff23ef702150a547"}
}
